Using pre-set license
Built from '2020.3/release' branch; Version is '2020.3.1f1 (77a89f25062f) revision 7841951'; Using compiler version '192528614'; Build Type 'Release'
OS: 'Windows 10 Home; OS build 19043.1288; Version 2009; 64bit' Language: 'ru' Physical Memory: 16329 MB
BatchMode: 1, IsHumanControllingUs: 0, StartBugReporterOnCrash: 0, Is64bit: 1, IsPro: 0

 COMMAND LINE ARGUMENTS:
A:\Unity\2020.3.1f1\Editor\Unity.exe
-adb2
-batchMode
-noUpm
-name
AssetImportWorker0
-projectPath
A:/Unity/Ai Development
-logFile
Logs/AssetImportWorker0.log
-srvPort
49349
Successfully changed project path to: A:/Unity/Ai Development
A:/Unity/Ai Development
Using Asset Import Pipeline V2.
Refreshing native plugins compatible for Editor in 43.13 ms, found 0 plugins.
Preloading 0 native plugins for Editor in 0.00 ms.
Initialize engine version: 2020.3.1f1 (77a89f25062f)
[Subsystems] Discovering subsystems at path A:/Unity/2020.3.1f1/Editor/Data/Resources/UnitySubsystems
[Subsystems] Discovering subsystems at path A:/Unity/Ai Development/Assets
GfxDevice: creating device client; threaded=0
Direct3D:
    Version:  Direct3D 11.0 [level 11.1]
    Renderer: NVIDIA GeForce GTX 1080 (ID=0x1b80)
    Vendor:   
    VRAM:     8079 MB
    Driver:   30.0.14.9649
Initialize mono
Mono path[0] = 'A:/Unity/2020.3.1f1/Editor/Data/Managed'
Mono path[1] = 'A:/Unity/2020.3.1f1/Editor/Data/MonoBleedingEdge/lib/mono/unityjit'
Mono config path = 'A:/Unity/2020.3.1f1/Editor/Data/MonoBleedingEdge/etc'
Using monoOptions --debugger-agent=transport=dt_socket,embedding=1,server=y,suspend=n,address=127.0.0.1:56696
Begin MonoManager ReloadAssembly
Registering precompiled unity dll's ...
Register platform support module: A:/Unity/2020.3.1f1/Editor/Data/PlaybackEngines/WindowsStandaloneSupport/UnityEditor.WindowsStandalone.Extensions.dll
Registered in 0.000983 seconds.
Native extension for WindowsStandalone target not found
Refreshing native plugins compatible for Editor in 104.93 ms, found 0 plugins.
Preloading 0 native plugins for Editor in 0.00 ms.
Invoked RoslynAnalysisRunner static constructor.
RoslynAnalysisRunner will not be running.
RoslynAnalysisRunner has terminated.
Mono: successfully reloaded assembly
- Completed reload, in  1.082 seconds
Platform modules already initialized, skipping
Registering precompiled user dll's ...
Registered in 0.001055 seconds.
Begin MonoManager ReloadAssembly
Native extension for WindowsStandalone target not found
Refreshing native plugins compatible for Editor in 0.31 ms, found 0 plugins.
Preloading 0 native plugins for Editor in 0.00 ms.
Invoked RoslynAnalysisRunner static constructor.
RoslynAnalysisRunner will not be running.
RoslynAnalysisRunner has terminated.
Mono: successfully reloaded assembly
- Completed reload, in  0.810 seconds
Platform modules already initialized, skipping
========================================================================
Worker process is ready to serve import requests
Launched and connected shader compiler UnityShaderCompiler.exe after 0.05 seconds
Refreshing native plugins compatible for Editor in 0.49 ms, found 0 plugins.
Preloading 0 native plugins for Editor in 0.00 ms.
Unloading 1295 Unused Serialized files (Serialized files now loaded: 0)
System memory in use before: 83.0 MB.
System memory in use after: 83.1 MB.

Unloading 11 unused Assets to reduce memory usage. Loaded Objects now: 1778.
Total: 1.758500 ms (FindLiveObjects: 0.236400 ms CreateObjectMapping: 0.077500 ms MarkObjects: 1.322600 ms  DeleteObjects: 0.120900 ms)

========================================================================
Received Import Request.
  path: Assets/Scenes/№2.3/Scene/scene/NavMesh-Manager 1.asset
  artifactKey: Guid(bb77f6ce04a77c74896ae6c26892830b) Importer(815301076,1909f56bfc062723c751e8b465ee728b)
Start importing Assets/Scenes/№2.3/Scene/scene/NavMesh-Manager 1.asset using Guid(bb77f6ce04a77c74896ae6c26892830b) Importer(815301076,1909f56bfc062723c751e8b465ee728b)  -> (artifact id: 'b219e955b1227f482cced226086edaab') in 0.049431 seconds
  Import took 0.052723 seconds .

========================================================================
Received Import Request.
  Time since last request: 0.000231 seconds.
  path: Assets/Scenes/№2.3/Scene/scene
  artifactKey: Guid(72d945de9ec98034691a97eaef8a78a2) Importer(815301076,1909f56bfc062723c751e8b465ee728b)
Start importing Assets/Scenes/№2.3/Scene/scene using Guid(72d945de9ec98034691a97eaef8a78a2) Importer(815301076,1909f56bfc062723c751e8b465ee728b)  -> (artifact id: 'c93553486e185ddc30eb4642665e76e6') in 0.007984 seconds
  Import took 0.010956 seconds .

========================================================================
Received Import Request.
  Time since last request: 0.000211 seconds.
  path: Assets/Scenes/№2.3/Scene/scene.unity
  artifactKey: Guid(a6f53383b02965645830ef3accbc13e3) Importer(815301076,1909f56bfc062723c751e8b465ee728b)
Start importing Assets/Scenes/№2.3/Scene/scene.unity using Guid(a6f53383b02965645830ef3accbc13e3) Importer(815301076,1909f56bfc062723c751e8b465ee728b)  -> (artifact id: '820bf91d64da056cfc97a76d9fe5fd01') in 0.008296 seconds
  Import took 0.011142 seconds .

AssetImportWorkerClient::OnTransportError - code=2 error=End of file
